Using pre-set license
Built from '2020.3/staging' branch; Version is '2020.3.16f1 (049d6eca3c44) revision 302446'; Using compiler version '192528614'; Build Type 'Release'
OS: 'Windows 10 Home; OS build 19045.2486; Version 2009; 64bit' Language: 'ja' Physical Memory: 16303 MB
BatchMode: 1, IsHumanControllingUs: 0, StartBugReporterOnCrash: 0, Is64bit: 1, IsPro: 0

 COMMAND LINE ARGUMENTS:
C:\Program Files\Unity\Hub\Editor\2020.3.16f1\Editor\Unity.exe
-adb2
-batchMode
-noUpm
-name
AssetImportWorker0
-projectPath
C:/Users/62100/Downloads/FPSGameProject
-logFile
Logs/AssetImportWorker0.log
-srvPort
57279
Successfully changed project path to: C:/Users/62100/Downloads/FPSGameProject
C:/Users/62100/Downloads/FPSGameProject
Using Asset Import Pipeline V2.
Refreshing native plugins compatible for Editor in 29.25 ms, found 2 plugins.
Preloading 0 native plugins for Editor in 0.00 ms.
Initialize engine version: 2020.3.16f1 (049d6eca3c44)
[Subsystems] Discovering subsystems at path C:/Program Files/Unity/Hub/Editor/2020.3.16f1/Editor/Data/Resources/UnitySubsystems
[Subsystems] Discovering subsystems at path C:/Users/62100/Downloads/FPSGameProject/Assets
GfxDevice: creating device client; threaded=0
Direct3D:
    Version:  Direct3D 11.0 [level 11.1]
    Renderer: NVIDIA GeForce GTX 1070 (ID=0x1b81)
    Vendor:   
    VRAM:     8088 MB
    Driver:   30.0.15.1235
Initialize mono
Mono path[0] = 'C:/Program Files/Unity/Hub/Editor/2020.3.16f1/Editor/Data/Managed'
Mono path[1] = 'C:/Program Files/Unity/Hub/Editor/2020.3.16f1/Editor/Data/MonoBleedingEdge/lib/mono/unityjit'
Mono config path = 'C:/Program Files/Unity/Hub/Editor/2020.3.16f1/Editor/Data/MonoBleedingEdge/etc'
Using monoOptions --debugger-agent=transport=dt_socket,embedding=1,server=y,suspend=n,address=127.0.0.1:56852
Begin MonoManager ReloadAssembly
Registering precompiled unity dll's ...
Register platform support module: C:/Program Files/Unity/Hub/Editor/2020.3.16f1/Editor/Data/PlaybackEngines/WebGLSupport/UnityEditor.WebGL.Extensions.dll
Register platform support module: C:/Program Files/Unity/Hub/Editor/2020.3.16f1/Editor/Data/PlaybackEngines/WindowsStandaloneSupport/UnityEditor.WindowsStandalone.Extensions.dll
Registered in 0.002154 seconds.
Native extension for WindowsStandalone target not found
Native extension for WebGL target not found
Refreshing native plugins compatible for Editor in 28.14 ms, found 2 plugins.
Preloading 0 native plugins for Editor in 0.00 ms.
Mono: successfully reloaded assembly
- Completed reload, in  4.371 seconds
Domain Reload Profiling:
	ReloadAssembly (4372ms)
		BeginReloadAssembly (47ms)
			ExecutionOrderSort (0ms)
			DisableScriptedObjects (0ms)
			BackupInstance (0ms)
			ReleaseScriptingObjects (0ms)
			CreateAndSetChildDomain (1ms)
		EndReloadAssembly (362ms)
			LoadAssemblies (45ms)
			RebuildTransferFunctionScriptingTraits (0ms)
			SetupTypeCache (128ms)
			ReleaseScriptCaches (0ms)
			RebuildScriptCaches (29ms)
			SetupLoadedEditorAssemblies (138ms)
				LogAssemblyErrors (0ms)
				InitializePlatformSupportModulesInManaged (5ms)
				SetLoadedEditorAssemblies (0ms)
				RefreshPlugins (28ms)
				BeforeProcessingInitializeOnLoad (14ms)
				ProcessInitializeOnLoadAttributes (67ms)
				ProcessInitializeOnLoadMethodAttributes (24ms)
				AfterProcessingInitializeOnLoad (0ms)
				EditorAssembliesLoaded (0ms)
			ExecutionOrderSort2 (0ms)
			AwakeInstancesAfterBackupRestoration (0ms)
Platform modules already initialized, skipping
Registering precompiled user dll's ...
Registered in 0.006873 seconds.
Begin MonoManager ReloadAssembly
Native extension for WindowsStandalone target not found
Native extension for WebGL target not found
Refreshing native plugins compatible for Editor in 0.37 ms, found 2 plugins.
Preloading 0 native plugins for Editor in 0.00 ms.
Mono: successfully reloaded assembly
- Completed reload, in  0.966 seconds
Domain Reload Profiling:
	ReloadAssembly (966ms)
		BeginReloadAssembly (129ms)
			ExecutionOrderSort (0ms)
			DisableScriptedObjects (4ms)
			BackupInstance (0ms)
			ReleaseScriptingObjects (0ms)
			CreateAndSetChildDomain (18ms)
		EndReloadAssembly (782ms)
			LoadAssemblies (77ms)
			RebuildTransferFunctionScriptingTraits (0ms)
			SetupTypeCache (237ms)
			ReleaseScriptCaches (0ms)
			RebuildScriptCaches (36ms)
			SetupLoadedEditorAssemblies (350ms)
				LogAssemblyErrors (0ms)
				InitializePlatformSupportModulesInManaged (5ms)
				SetLoadedEditorAssemblies (0ms)
				RefreshPlugins (0ms)
				BeforeProcessingInitializeOnLoad (68ms)
				ProcessInitializeOnLoadAttributes (268ms)
				ProcessInitializeOnLoadMethodAttributes (3ms)
				AfterProcessingInitializeOnLoad (6ms)
				EditorAssembliesLoaded (0ms)
			ExecutionOrderSort2 (0ms)
			AwakeInstancesAfterBackupRestoration (5ms)
Platform modules already initialized, skipping
========================================================================
Worker process is ready to serve import requests
Launched and connected shader compiler UnityShaderCompiler.exe after 0.06 seconds
Refreshing native plugins compatible for Editor in 0.33 ms, found 2 plugins.
Preloading 0 native plugins for Editor in 0.00 ms.
Unloading 1398 Unused Serialized files (Serialized files now loaded: 0)
System memory in use before: 74.8 MB.
System memory in use after: 74.9 MB.

Unloading 18 unused Assets to reduce memory usage. Loaded Objects now: 1847.
Total: 2.661000 ms (FindLiveObjects: 0.141700 ms CreateObjectMapping: 0.032500 ms MarkObjects: 2.427200 ms  DeleteObjects: 0.058700 ms)

AssetImportParameters requested are different than current active one (requested -> active):
  custom:framework-win-MediaFoundation: 216162199b28c13a410421893ffa2e32 -> 
  custom:video-decoder-ogg-theora: a1e56fd34408186e4bbccfd4996cb3dc -> 
  custom:container-muxer-webm: aa71ff27fc2769a1b78a27578f13a17b -> 
  custom:container-demuxer-webm: 4f35f7cbe854078d1ac9338744f61a02 -> 
  custom:container-demuxer-ogg: 62fdf1f143b41e24485cea50d1cbac27 -> 
  custom:video-encoder-webm-vp8: eb34c28f22e8b96e1ab97ce403110664 -> 
  custom:video-codec-MediaFoundation-h265: 746d11721c4dcdbdad8f713fa42b33f4 -> 
  custom:video-decoder-webm-vp8: 9c59270c3fd7afecdb556c50c9e8de78 -> 
  custom:audio-decoder-ogg-vorbis: bf7c407c2cedff20999df2af8eb42d56 -> 
  custom:audio-encoder-webm-vorbis: bf7c407c2cedff20999df2af8eb42d56 -> 
========================================================================
Received Import Request.
  path: Assets/AppMain
  artifactKey: Guid(0d91163127f3d094abea8f78bbdb3dbd) Importer(815301076,1909f56bfc062723c751e8b465ee728b)
Start importing Assets/AppMain using Guid(0d91163127f3d094abea8f78bbdb3dbd) Importer(815301076,1909f56bfc062723c751e8b465ee728b)  -> (artifact id: '00400fba6f8e5acb7cbe1903ea4db4ad') in 0.008227 seconds 
  Import took 0.010388 seconds .

========================================================================
Received Import Request.
  Time since last request: 12.155818 seconds.
  path: Assets/AppMain/Script
  artifactKey: Guid(5886f6257f7b05c4c92b4679b0a521ca) Importer(815301076,1909f56bfc062723c751e8b465ee728b)
Start importing Assets/AppMain/Script using Guid(5886f6257f7b05c4c92b4679b0a521ca) Importer(815301076,1909f56bfc062723c751e8b465ee728b)  -> (artifact id: '380d86784c41932dcd39018f9d1ae696') in 0.005080 seconds 
  Import took 0.007090 seconds .

========================================================================
Received Import Request.
  Time since last request: 6.288521 seconds.
  path: Assets/AppMain/Prefab
  artifactKey: Guid(f736f2aa0dcdfea40ada3ef0820735b2) Importer(815301076,1909f56bfc062723c751e8b465ee728b)
Start importing Assets/AppMain/Prefab using Guid(f736f2aa0dcdfea40ada3ef0820735b2) Importer(815301076,1909f56bfc062723c751e8b465ee728b)  -> (artifact id: '3d82fddbac51a80bfbf0de9a2ede5ad6') in 0.005209 seconds 
  Import took 0.007334 seconds .

========================================================================
Received Import Request.
  Time since last request: 0.000970 seconds.
  path: Assets/AppMain/Prefab
  artifactKey: Guid(f736f2aa0dcdfea40ada3ef0820735b2) Importer(815301076,1909f56bfc062723c751e8b465ee728b)
Start importing Assets/AppMain/Prefab using Guid(f736f2aa0dcdfea40ada3ef0820735b2) Importer(815301076,1909f56bfc062723c751e8b465ee728b)  -> (artifact id: '3d82fddbac51a80bfbf0de9a2ede5ad6') in 0.001615 seconds 
  Import took 0.003631 seconds .

========================================================================
Received Import Request.
  Time since last request: 5.217225 seconds.
  path: Assets/AppMain/Animator
  artifactKey: Guid(9f3d54ea9b66a804ca90bc237cddd7b8) Importer(815301076,1909f56bfc062723c751e8b465ee728b)
Start importing Assets/AppMain/Animator using Guid(9f3d54ea9b66a804ca90bc237cddd7b8) Importer(815301076,1909f56bfc062723c751e8b465ee728b)  -> (artifact id: '7b2fa5d70173fa285b97b0d69d365fb4') in 0.004968 seconds 
  Import took 0.006985 seconds .

AssetImportWorkerClient::OnTransportError - code=2 error=End of file
